2024-09-23 16:23:39,489 INFO o.a.j.u.JMeterUtils: Setting Locale to en_EN
2024-09-23 16:23:39,505 INFO o.a.j.JMeter: Loading user properties from: /opt/homebrew/Cellar/jmeter/5.6.3/libexec/bin/user.properties
2024-09-23 16:23:39,506 INFO o.a.j.JMeter: Loading system properties from: /opt/homebrew/Cellar/jmeter/5.6.3/libexec/bin/system.properties
2024-09-23 16:23:39,508 INFO o.a.j.JMeter: Copyright (c) 1998-2024 The Apache Software Foundation
2024-09-23 16:23:39,508 INFO o.a.j.JMeter: Version 5.6.3
2024-09-23 16:23:39,508 INFO o.a.j.JMeter: java.version=21.0.4
2024-09-23 16:23:39,508 INFO o.a.j.JMeter: java.vm.name=OpenJDK 64-Bit Server VM
2024-09-23 16:23:39,509 INFO o.a.j.JMeter: os.name=Mac OS X
2024-09-23 16:23:39,509 INFO o.a.j.JMeter: os.arch=aarch64
2024-09-23 16:23:39,509 INFO o.a.j.JMeter: os.version=14.6.1
2024-09-23 16:23:39,509 INFO o.a.j.JMeter: file.encoding=UTF-8
2024-09-23 16:23:39,509 INFO o.a.j.JMeter: java.awt.headless=null
2024-09-23 16:23:39,509 INFO o.a.j.JMeter: Max memory     =1073741824
2024-09-23 16:23:39,509 INFO o.a.j.JMeter: Available Processors =8
2024-09-23 16:23:39,514 INFO o.a.j.JMeter: Default Locale=English (EN)
2024-09-23 16:23:39,515 INFO o.a.j.JMeter: JMeter  Locale=English (EN)
2024-09-23 16:23:39,515 INFO o.a.j.JMeter: JMeterHome=/opt/homebrew/Cellar/jmeter/5.6.3/libexec
2024-09-23 16:23:39,515 INFO o.a.j.JMeter: user.dir  =/Users/nurulrizal/Documents/data-kantor/project/cfest-backend
2024-09-23 16:23:39,515 INFO o.a.j.JMeter: PWD       =/Users/nurulrizal/Documents/data-kantor/project/cfest-backend
2024-09-23 16:23:39,516 INFO o.a.j.JMeter: IP: 127.0.0.1 Name: MacBook-Pro.local FullName: localhost
2024-09-23 16:23:39,522 INFO o.a.j.JMeter: Loaded icon properties from org/apache/jmeter/images/icon.properties
2024-09-23 16:23:40,025 INFO o.a.j.JMeterGuiLauncher: Setting LAF to: com.github.weisj.darklaf.DarkLaf:com.github.weisj.darklaf.theme.DarculaTheme
2024-09-23 16:23:42,317 INFO o.a.j.r.ClassFinder: Will scan jar /opt/homebrew/Cellar/jmeter/5.6.3/libexec/lib/ext/jmeter-plugins-manager-1.9.jar with filter ExtendsClassFilter [parents=[interface org.apache.jmeter.gui.action.Command], inner=false, contains=null, notContains=null]. Consider exposing JMeter plugins via META-INF/services, and add JMeter-Skip-Class-Scanning=true manifest attribute so JMeter can skip classfile scanning
2024-09-23 16:23:42,457 INFO o.a.j.r.ClassFinder: Will scan jar /opt/homebrew/Cellar/jmeter/5.6.3/libexec/lib/ext/jmeter-plugins-manager-1.9.jar with filter ExtendsClassFilter [parents=[interface org.apache.jmeter.gui.plugin.MenuCreator], inner=false, contains=null, notContains=null]. Consider exposing JMeter plugins via META-INF/services, and add JMeter-Skip-Class-Scanning=true manifest attribute so JMeter can skip classfile scanning
2024-09-23 16:23:42,532 INFO o.j.r.JARSourceHTTP: Requesting https://jmeter-plugins.org/repo/?installID=mac_os_x-e118074a73a0f6928c7bfeab5bebb9aa-gui
2024-09-23 16:23:44,654 INFO o.j.r.PluginManager: Plugins Status: [jpgc-plugins-manager=1.9, jmeter-core=5.6.3, jmeter-ftp=5.6.3, jmeter-http=5.6.3, jmeter-jdbc=5.6.3, jmeter-jms=5.6.3, jmeter-junit=5.6.3, jmeter-java=5.6.3, jmeter-ldap=5.6.3, jmeter-mail=5.6.3, jmeter-mongodb=5.6.3, jmeter-native=5.6.3, jmeter-tcp=5.6.3, jmeter-components=5.6.3]
2024-09-23 16:23:44,654 INFO o.j.r.PluginManagerMenuItem: Plugins Manager has upgrades: [jpgc-plugins-manager]
2024-09-23 18:47:07,891 INFO o.a.j.e.u.CompoundVariable: Note: Function class names must contain the string: '.functions.'
2024-09-23 18:47:07,893 INFO o.a.j.e.u.CompoundVariable: Note: Function class names must not contain the string: '.gui.'
2024-09-23 18:47:07,937 INFO o.a.j.r.ClassFinder: Will scan jar /opt/homebrew/Cellar/jmeter/5.6.3/libexec/lib/ext/jmeter-plugins-manager-1.9.jar with filter ExtendsClassFilter [parents=[interface org.apache.jmeter.functions.Function], inner=false, contains=null, notContains=null]. Consider exposing JMeter plugins via META-INF/services, and add JMeter-Skip-Class-Scanning=true manifest attribute so JMeter can skip classfile scanning
2024-09-23 18:49:01,769 INFO o.a.j.p.h.s.HTTPSamplerBase: Parser for text/html is org.apache.jmeter.protocol.http.parser.LagartoBasedHtmlParser
2024-09-23 18:49:01,770 INFO o.a.j.p.h.s.HTTPSamplerBase: Parser for application/xhtml+xml is org.apache.jmeter.protocol.http.parser.LagartoBasedHtmlParser
2024-09-23 18:49:01,770 INFO o.a.j.p.h.s.HTTPSamplerBase: Parser for application/xml is org.apache.jmeter.protocol.http.parser.LagartoBasedHtmlParser
2024-09-23 18:49:01,770 INFO o.a.j.p.h.s.HTTPSamplerBase: Parser for text/xml is org.apache.jmeter.protocol.http.parser.LagartoBasedHtmlParser
2024-09-23 18:49:01,770 INFO o.a.j.p.h.s.HTTPSamplerBase: Parser for text/vnd.wap.wml is org.apache.jmeter.protocol.http.parser.RegexpHTMLParser
2024-09-23 18:49:01,770 INFO o.a.j.p.h.s.HTTPSamplerBase: Parser for text/css is org.apache.jmeter.protocol.http.parser.CssParser
2024-09-23 18:56:23,434 INFO o.a.j.s.FileServer: Default base='/Users/nurulrizal/Documents/data-kantor/project/cfest-backend'
2024-09-23 18:56:23,437 INFO o.a.j.s.FileServer: Set new base='/Users/nurulrizal/Documents/data-kantor/project/cfest-backend'
2024-09-23 18:56:23,587 INFO o.a.j.s.SaveService: Testplan (JMX) version: 2.2. Testlog (JTL) version: 2.2
2024-09-23 18:56:23,591 INFO o.a.j.s.SaveService: Using SaveService properties version 5.0
2024-09-23 18:56:23,592 INFO o.a.j.s.SaveService: Using SaveService properties file encoding UTF-8
2024-09-23 18:58:03,735 INFO o.a.j.s.SampleResult: Note: Sample TimeStamps are START times
2024-09-23 18:58:03,736 INFO o.a.j.s.SampleResult: sampleresult.default.encoding is set to UTF-8
2024-09-23 18:58:03,736 INFO o.a.j.s.SampleResult: sampleresult.useNanoTime=true
2024-09-23 18:58:03,736 INFO o.a.j.s.SampleResult: sampleresult.nanoThreadSleep=5000
2024-09-23 18:58:03,806 INFO o.a.j.r.ClassFinder: Will scan jar /opt/homebrew/Cellar/jmeter/5.6.3/libexec/lib/ext/jmeter-plugins-manager-1.9.jar with filter ExtendsClassFilter [parents=[interface org.apache.jmeter.visualizers.ResultRenderer], inner=false, contains=null, notContains=null]. Consider exposing JMeter plugins via META-INF/services, and add JMeter-Skip-Class-Scanning=true manifest attribute so JMeter can skip classfile scanning
2024-09-23 18:58:03,822 INFO o.a.j.r.ClassFinder: Will scan jar /opt/homebrew/Cellar/jmeter/5.6.3/libexec/lib/ext/jmeter-plugins-manager-1.9.jar with filter ExtendsClassFilter [parents=[interface org.apache.jmeter.visualizers.RequestView], inner=false, contains=null, notContains=null]. Consider exposing JMeter plugins via META-INF/services, and add JMeter-Skip-Class-Scanning=true manifest attribute so JMeter can skip classfile scanning
2024-09-23 18:59:48,184 INFO o.a.j.e.StandardJMeterEngine: Running the test!
2024-09-23 18:59:48,186 INFO o.a.j.s.SampleEvent: List of sample_variables: []
2024-09-23 18:59:48,186 INFO o.a.j.s.SampleEvent: List of sample_variables: []
2024-09-23 18:59:48,187 INFO o.a.j.g.u.JMeterMenuBar: setRunning(true, *local*)
2024-09-23 18:59:48,269 INFO o.a.j.e.StandardJMeterEngine: Starting ThreadGroup: 1 : Thread Group
2024-09-23 18:59:48,269 INFO o.a.j.e.StandardJMeterEngine: Starting 50 threads for group Thread Group.
2024-09-23 18:59:48,269 INFO o.a.j.e.StandardJMeterEngine: Thread will continue on error
2024-09-23 18:59:48,269 INFO o.a.j.t.ThreadGroup: Starting thread group... number=1 threads=50 ramp-up=10 delayedStart=false
2024-09-23 18:59:48,272 INFO o.a.j.t.JMeterThread: Thread started: Thread Group 1-1
2024-09-23 18:59:48,280 INFO o.a.j.t.ThreadGroup: Started thread group number 1
2024-09-23 18:59:48,280 INFO o.a.j.e.StandardJMeterEngine: All thread groups have been started
2024-09-23 18:59:48,281 INFO o.a.j.p.h.s.HTTPHCAbstractImpl: Local host = MacBook-Pro.local
2024-09-23 18:59:48,285 INFO o.a.j.p.h.s.HTTPHC4Impl: HTTP request retry count = 0
2024-09-23 18:59:48,345 INFO o.a.j.p.h.s.h.LazyLayeredConnectionSocketFactory: Setting up HTTPS TrustAll Socket Factory
2024-09-23 18:59:48,347 INFO o.a.j.u.JsseSSLManager: Using default SSL protocol: TLS
2024-09-23 18:59:48,347 INFO o.a.j.u.JsseSSLManager: SSL session context: per-thread
2024-09-23 18:59:48,354 INFO o.a.j.u.SSLManager: JmeterKeyStore Location:  type JKS
2024-09-23 18:59:48,355 INFO o.a.j.u.SSLManager: KeyStore created OK
2024-09-23 18:59:48,355 WARN o.a.j.u.SSLManager: Keystore file not found, loading empty keystore
2024-09-23 18:59:48,471 INFO o.a.j.t.JMeterThread: Thread started: Thread Group 1-2
2024-09-23 18:59:48,673 INFO o.a.j.t.JMeterThread: Thread started: Thread Group 1-3
2024-09-23 18:59:48,872 INFO o.a.j.t.JMeterThread: Thread started: Thread Group 1-4
2024-09-23 18:59:49,073 INFO o.a.j.t.JMeterThread: Thread started: Thread Group 1-5
2024-09-23 18:59:49,271 INFO o.a.j.t.JMeterThread: Thread started: Thread Group 1-6
2024-09-23 18:59:49,471 INFO o.a.j.t.JMeterThread: Thread started: Thread Group 1-7
2024-09-23 18:59:49,674 INFO o.a.j.t.JMeterThread: Thread started: Thread Group 1-8
2024-09-23 18:59:49,871 INFO o.a.j.t.JMeterThread: Thread started: Thread Group 1-9
2024-09-23 18:59:50,076 INFO o.a.j.t.JMeterThread: Thread started: Thread Group 1-10
2024-09-23 18:59:50,274 INFO o.a.j.t.JMeterThread: Thread started: Thread Group 1-11
2024-09-23 18:59:50,474 INFO o.a.j.t.JMeterThread: Thread started: Thread Group 1-12
2024-09-23 18:59:50,674 INFO o.a.j.t.JMeterThread: Thread started: Thread Group 1-13
2024-09-23 18:59:50,875 INFO o.a.j.t.JMeterThread: Thread started: Thread Group 1-14
2024-09-23 18:59:51,071 INFO o.a.j.t.JMeterThread: Thread started: Thread Group 1-15
2024-09-23 18:59:51,271 INFO o.a.j.t.JMeterThread: Thread started: Thread Group 1-16
2024-09-23 18:59:51,471 INFO o.a.j.t.JMeterThread: Thread started: Thread Group 1-17
2024-09-23 18:59:51,671 INFO o.a.j.t.JMeterThread: Thread started: Thread Group 1-18
2024-09-23 18:59:51,874 INFO o.a.j.t.JMeterThread: Thread started: Thread Group 1-19
2024-09-23 18:59:52,071 INFO o.a.j.t.JMeterThread: Thread started: Thread Group 1-20
2024-09-23 18:59:52,274 INFO o.a.j.t.JMeterThread: Thread started: Thread Group 1-21
2024-09-23 18:59:52,471 INFO o.a.j.t.JMeterThread: Thread started: Thread Group 1-22
2024-09-23 18:59:52,671 INFO o.a.j.t.JMeterThread: Thread started: Thread Group 1-23
2024-09-23 18:59:52,871 INFO o.a.j.t.JMeterThread: Thread started: Thread Group 1-24
2024-09-23 18:59:52,889 INFO o.a.j.t.JMeterThread: Thread is done: Thread Group 1-5
2024-09-23 18:59:52,889 INFO o.a.j.t.JMeterThread: Thread finished: Thread Group 1-5
2024-09-23 18:59:52,915 INFO o.a.j.t.JMeterThread: Thread is done: Thread Group 1-7
2024-09-23 18:59:52,915 INFO o.a.j.t.JMeterThread: Thread finished: Thread Group 1-7
2024-09-23 18:59:52,947 INFO o.a.j.t.JMeterThread: Thread is done: Thread Group 1-4
2024-09-23 18:59:52,947 INFO o.a.j.t.JMeterThread: Thread finished: Thread Group 1-4
2024-09-23 18:59:52,984 INFO o.a.j.t.JMeterThread: Thread is done: Thread Group 1-1
2024-09-23 18:59:52,984 INFO o.a.j.t.JMeterThread: Thread finished: Thread Group 1-1
2024-09-23 18:59:53,005 INFO o.a.j.t.JMeterThread: Thread is done: Thread Group 1-3
2024-09-23 18:59:53,005 INFO o.a.j.t.JMeterThread: Thread finished: Thread Group 1-3
2024-09-23 18:59:53,005 INFO o.a.j.t.JMeterThread: Thread is done: Thread Group 1-10
2024-09-23 18:59:53,006 INFO o.a.j.t.JMeterThread: Thread finished: Thread Group 1-10
2024-09-23 18:59:53,075 INFO o.a.j.t.JMeterThread: Thread started: Thread Group 1-25
2024-09-23 18:59:53,115 INFO o.a.j.t.JMeterThread: Thread is done: Thread Group 1-6
2024-09-23 18:59:53,115 INFO o.a.j.t.JMeterThread: Thread finished: Thread Group 1-6
2024-09-23 18:59:53,124 INFO o.a.j.t.JMeterThread: Thread is done: Thread Group 1-9
2024-09-23 18:59:53,124 INFO o.a.j.t.JMeterThread: Thread finished: Thread Group 1-9
2024-09-23 18:59:53,144 INFO o.a.j.t.JMeterThread: Thread is done: Thread Group 1-14
2024-09-23 18:59:53,144 INFO o.a.j.t.JMeterThread: Thread finished: Thread Group 1-14
2024-09-23 18:59:53,179 INFO o.a.j.t.JMeterThread: Thread is done: Thread Group 1-8
2024-09-23 18:59:53,179 INFO o.a.j.t.JMeterThread: Thread finished: Thread Group 1-8
2024-09-23 18:59:53,190 INFO o.a.j.t.JMeterThread: Thread is done: Thread Group 1-12
2024-09-23 18:59:53,190 INFO o.a.j.t.JMeterThread: Thread finished: Thread Group 1-12
2024-09-23 18:59:53,210 INFO o.a.j.t.JMeterThread: Thread is done: Thread Group 1-2
2024-09-23 18:59:53,210 INFO o.a.j.t.JMeterThread: Thread finished: Thread Group 1-2
2024-09-23 18:59:53,272 INFO o.a.j.t.JMeterThread: Thread is done: Thread Group 1-16
2024-09-23 18:59:53,273 INFO o.a.j.t.JMeterThread: Thread finished: Thread Group 1-16
2024-09-23 18:59:53,274 INFO o.a.j.t.JMeterThread: Thread started: Thread Group 1-26
2024-09-23 18:59:53,410 INFO o.a.j.t.JMeterThread: Thread is done: Thread Group 1-17
2024-09-23 18:59:53,410 INFO o.a.j.t.JMeterThread: Thread finished: Thread Group 1-17
2024-09-23 18:59:53,474 INFO o.a.j.t.JMeterThread: Thread started: Thread Group 1-27
2024-09-23 18:59:53,566 INFO o.a.j.t.JMeterThread: Thread is done: Thread Group 1-18
2024-09-23 18:59:53,566 INFO o.a.j.t.JMeterThread: Thread finished: Thread Group 1-18
2024-09-23 18:59:53,671 INFO o.a.j.t.JMeterThread: Thread started: Thread Group 1-28
2024-09-23 18:59:53,767 INFO o.a.j.t.JMeterThread: Thread is done: Thread Group 1-19
2024-09-23 18:59:53,767 INFO o.a.j.t.JMeterThread: Thread finished: Thread Group 1-19
2024-09-23 18:59:53,871 INFO o.a.j.t.JMeterThread: Thread started: Thread Group 1-29
2024-09-23 18:59:53,960 INFO o.a.j.t.JMeterThread: Thread is done: Thread Group 1-20
2024-09-23 18:59:53,960 INFO o.a.j.t.JMeterThread: Thread finished: Thread Group 1-20
2024-09-23 18:59:54,074 INFO o.a.j.t.JMeterThread: Thread started: Thread Group 1-30
2024-09-23 18:59:54,140 INFO o.a.j.t.JMeterThread: Thread is done: Thread Group 1-21
2024-09-23 18:59:54,140 INFO o.a.j.t.JMeterThread: Thread finished: Thread Group 1-21
2024-09-23 18:59:54,271 INFO o.a.j.t.JMeterThread: Thread started: Thread Group 1-31
2024-09-23 18:59:54,387 INFO o.a.j.t.JMeterThread: Thread is done: Thread Group 1-22
2024-09-23 18:59:54,387 INFO o.a.j.t.JMeterThread: Thread finished: Thread Group 1-22
2024-09-23 18:59:54,399 INFO o.a.j.t.JMeterThread: Thread is done: Thread Group 1-11
2024-09-23 18:59:54,399 INFO o.a.j.t.JMeterThread: Thread finished: Thread Group 1-11
2024-09-23 18:59:54,471 INFO o.a.j.t.JMeterThread: Thread started: Thread Group 1-32
2024-09-23 18:59:54,495 INFO o.a.j.t.JMeterThread: Thread is done: Thread Group 1-23
2024-09-23 18:59:54,495 INFO o.a.j.t.JMeterThread: Thread finished: Thread Group 1-23
2024-09-23 18:59:54,609 INFO o.a.j.t.JMeterThread: Thread is done: Thread Group 1-13
2024-09-23 18:59:54,609 INFO o.a.j.t.JMeterThread: Thread finished: Thread Group 1-13
2024-09-23 18:59:54,674 INFO o.a.j.t.JMeterThread: Thread started: Thread Group 1-33
2024-09-23 18:59:54,821 INFO o.a.j.t.JMeterThread: Thread is done: Thread Group 1-25
2024-09-23 18:59:54,821 INFO o.a.j.t.JMeterThread: Thread finished: Thread Group 1-25
2024-09-23 18:59:54,842 INFO o.a.j.t.JMeterThread: Thread is done: Thread Group 1-24
2024-09-23 18:59:54,842 INFO o.a.j.t.JMeterThread: Thread finished: Thread Group 1-24
2024-09-23 18:59:54,874 INFO o.a.j.t.JMeterThread: Thread started: Thread Group 1-34
2024-09-23 18:59:55,058 INFO o.a.j.t.JMeterThread: Thread is done: Thread Group 1-26
2024-09-23 18:59:55,058 INFO o.a.j.t.JMeterThread: Thread finished: Thread Group 1-26
2024-09-23 18:59:55,070 INFO o.a.j.t.JMeterThread: Thread started: Thread Group 1-35
2024-09-23 18:59:55,271 INFO o.a.j.t.JMeterThread: Thread started: Thread Group 1-36
2024-09-23 18:59:55,279 INFO o.a.j.t.JMeterThread: Thread is done: Thread Group 1-27
2024-09-23 18:59:55,279 INFO o.a.j.t.JMeterThread: Thread finished: Thread Group 1-27
2024-09-23 18:59:55,466 INFO o.a.j.t.JMeterThread: Thread is done: Thread Group 1-28
2024-09-23 18:59:55,467 INFO o.a.j.t.JMeterThread: Thread finished: Thread Group 1-28
2024-09-23 18:59:55,474 INFO o.a.j.t.JMeterThread: Thread started: Thread Group 1-37
2024-09-23 18:59:55,597 INFO o.a.j.t.JMeterThread: Thread is done: Thread Group 1-15
2024-09-23 18:59:55,597 INFO o.a.j.t.JMeterThread: Thread finished: Thread Group 1-15
2024-09-23 18:59:55,674 INFO o.a.j.t.JMeterThread: Thread started: Thread Group 1-38
2024-09-23 18:59:55,741 INFO o.a.j.t.JMeterThread: Thread is done: Thread Group 1-29
2024-09-23 18:59:55,741 INFO o.a.j.t.JMeterThread: Thread finished: Thread Group 1-29
2024-09-23 18:59:55,871 INFO o.a.j.t.JMeterThread: Thread started: Thread Group 1-39
2024-09-23 18:59:55,873 INFO o.a.j.t.JMeterThread: Thread is done: Thread Group 1-30
2024-09-23 18:59:55,873 INFO o.a.j.t.JMeterThread: Thread finished: Thread Group 1-30
2024-09-23 18:59:56,075 INFO o.a.j.t.JMeterThread: Thread started: Thread Group 1-40
2024-09-23 18:59:56,082 INFO o.a.j.t.JMeterThread: Thread is done: Thread Group 1-31
2024-09-23 18:59:56,082 INFO o.a.j.t.JMeterThread: Thread finished: Thread Group 1-31
2024-09-23 18:59:56,271 INFO o.a.j.t.JMeterThread: Thread started: Thread Group 1-41
2024-09-23 18:59:56,336 INFO o.a.j.t.JMeterThread: Thread is done: Thread Group 1-32
2024-09-23 18:59:56,337 INFO o.a.j.t.JMeterThread: Thread finished: Thread Group 1-32
2024-09-23 18:59:56,474 INFO o.a.j.t.JMeterThread: Thread started: Thread Group 1-42
2024-09-23 18:59:56,526 INFO o.a.j.t.JMeterThread: Thread is done: Thread Group 1-33
2024-09-23 18:59:56,526 INFO o.a.j.t.JMeterThread: Thread finished: Thread Group 1-33
2024-09-23 18:59:56,674 INFO o.a.j.t.JMeterThread: Thread started: Thread Group 1-43
2024-09-23 18:59:56,710 INFO o.a.j.t.JMeterThread: Thread is done: Thread Group 1-34
2024-09-23 18:59:56,711 INFO o.a.j.t.JMeterThread: Thread finished: Thread Group 1-34
2024-09-23 18:59:56,874 INFO o.a.j.t.JMeterThread: Thread started: Thread Group 1-44
2024-09-23 18:59:56,896 INFO o.a.j.t.JMeterThread: Thread is done: Thread Group 1-35
2024-09-23 18:59:56,897 INFO o.a.j.t.JMeterThread: Thread finished: Thread Group 1-35
2024-09-23 18:59:57,071 INFO o.a.j.t.JMeterThread: Thread started: Thread Group 1-45
2024-09-23 18:59:57,081 INFO o.a.j.t.JMeterThread: Thread is done: Thread Group 1-36
2024-09-23 18:59:57,081 INFO o.a.j.t.JMeterThread: Thread finished: Thread Group 1-36
2024-09-23 18:59:57,264 INFO o.a.j.t.JMeterThread: Thread is done: Thread Group 1-37
2024-09-23 18:59:57,264 INFO o.a.j.t.JMeterThread: Thread finished: Thread Group 1-37
2024-09-23 18:59:57,275 INFO o.a.j.t.JMeterThread: Thread started: Thread Group 1-46
2024-09-23 18:59:57,422 INFO o.a.j.t.JMeterThread: Thread is done: Thread Group 1-38
2024-09-23 18:59:57,422 INFO o.a.j.t.JMeterThread: Thread finished: Thread Group 1-38
2024-09-23 18:59:57,471 INFO o.a.j.t.JMeterThread: Thread started: Thread Group 1-47
2024-09-23 18:59:57,616 INFO o.a.j.t.JMeterThread: Thread is done: Thread Group 1-39
2024-09-23 18:59:57,616 INFO o.a.j.t.JMeterThread: Thread finished: Thread Group 1-39
2024-09-23 18:59:57,675 INFO o.a.j.t.JMeterThread: Thread started: Thread Group 1-48
2024-09-23 18:59:57,774 INFO o.a.j.t.JMeterThread: Thread is done: Thread Group 1-40
2024-09-23 18:59:57,774 INFO o.a.j.t.JMeterThread: Thread finished: Thread Group 1-40
2024-09-23 18:59:57,871 INFO o.a.j.t.JMeterThread: Thread started: Thread Group 1-49
2024-09-23 18:59:58,021 INFO o.a.j.t.JMeterThread: Thread is done: Thread Group 1-41
2024-09-23 18:59:58,021 INFO o.a.j.t.JMeterThread: Thread finished: Thread Group 1-41
2024-09-23 18:59:58,075 INFO o.a.j.t.JMeterThread: Thread started: Thread Group 1-50
2024-09-23 18:59:58,212 INFO o.a.j.t.JMeterThread: Thread is done: Thread Group 1-42
2024-09-23 18:59:58,212 INFO o.a.j.t.JMeterThread: Thread finished: Thread Group 1-42
2024-09-23 18:59:58,367 INFO o.a.j.t.JMeterThread: Thread is done: Thread Group 1-43
2024-09-23 18:59:58,367 INFO o.a.j.t.JMeterThread: Thread finished: Thread Group 1-43
2024-09-23 18:59:58,589 INFO o.a.j.t.JMeterThread: Thread is done: Thread Group 1-44
2024-09-23 18:59:58,590 INFO o.a.j.t.JMeterThread: Thread finished: Thread Group 1-44
2024-09-23 18:59:58,774 INFO o.a.j.t.JMeterThread: Thread is done: Thread Group 1-45
2024-09-23 18:59:58,774 INFO o.a.j.t.JMeterThread: Thread finished: Thread Group 1-45
2024-09-23 18:59:58,927 INFO o.a.j.t.JMeterThread: Thread is done: Thread Group 1-46
2024-09-23 18:59:58,928 INFO o.a.j.t.JMeterThread: Thread finished: Thread Group 1-46
2024-09-23 18:59:59,212 INFO o.a.j.t.JMeterThread: Thread is done: Thread Group 1-47
2024-09-23 18:59:59,213 INFO o.a.j.t.JMeterThread: Thread finished: Thread Group 1-47
2024-09-23 18:59:59,332 INFO o.a.j.t.JMeterThread: Thread is done: Thread Group 1-48
2024-09-23 18:59:59,333 INFO o.a.j.t.JMeterThread: Thread finished: Thread Group 1-48
2024-09-23 18:59:59,493 INFO o.a.j.t.JMeterThread: Thread is done: Thread Group 1-49
2024-09-23 18:59:59,494 INFO o.a.j.t.JMeterThread: Thread finished: Thread Group 1-49
2024-09-23 18:59:59,700 INFO o.a.j.t.JMeterThread: Thread is done: Thread Group 1-50
2024-09-23 18:59:59,700 INFO o.a.j.t.JMeterThread: Thread finished: Thread Group 1-50
2024-09-23 18:59:59,700 INFO o.a.j.e.StandardJMeterEngine: Notifying test listeners of end of test
2024-09-23 18:59:59,700 INFO o.a.j.g.u.JMeterMenuBar: setRunning(false, *local*)
2024-09-23 19:00:54,389 INFO o.a.j.e.StandardJMeterEngine: Running the test!
2024-09-23 19:00:54,390 INFO o.a.j.s.SampleEvent: List of sample_variables: []
2024-09-23 19:00:54,391 INFO o.a.j.g.u.JMeterMenuBar: setRunning(true, *local*)
2024-09-23 19:00:54,452 INFO o.a.j.e.StandardJMeterEngine: Starting ThreadGroup: 1 : Thread Group
2024-09-23 19:00:54,453 INFO o.a.j.e.StandardJMeterEngine: Starting 50 threads for group Thread Group.
2024-09-23 19:00:54,453 INFO o.a.j.e.StandardJMeterEngine: Thread will continue on error
2024-09-23 19:00:54,453 INFO o.a.j.t.ThreadGroup: Starting thread group... number=1 threads=50 ramp-up=10 delayedStart=false
2024-09-23 19:00:54,453 INFO o.a.j.t.JMeterThread: Thread started: Thread Group 1-1
2024-09-23 19:00:54,460 INFO o.a.j.t.ThreadGroup: Started thread group number 1
2024-09-23 19:00:54,460 INFO o.a.j.e.StandardJMeterEngine: All thread groups have been started
2024-09-23 19:00:54,658 INFO o.a.j.t.JMeterThread: Thread started: Thread Group 1-2
2024-09-23 19:00:54,858 INFO o.a.j.t.JMeterThread: Thread started: Thread Group 1-3
2024-09-23 19:00:55,054 INFO o.a.j.t.JMeterThread: Thread started: Thread Group 1-4
2024-09-23 19:00:55,254 INFO o.a.j.t.JMeterThread: Thread started: Thread Group 1-5
2024-09-23 19:00:55,457 INFO o.a.j.t.JMeterThread: Thread started: Thread Group 1-6
2024-09-23 19:00:55,654 INFO o.a.j.t.JMeterThread: Thread started: Thread Group 1-7
2024-09-23 19:00:55,854 INFO o.a.j.t.JMeterThread: Thread started: Thread Group 1-8
2024-09-23 19:00:56,058 INFO o.a.j.t.JMeterThread: Thread started: Thread Group 1-9
2024-09-23 19:00:56,254 INFO o.a.j.t.JMeterThread: Thread started: Thread Group 1-10
2024-09-23 19:00:56,296 INFO o.a.j.t.JMeterThread: Thread is done: Thread Group 1-1
2024-09-23 19:00:56,296 INFO o.a.j.t.JMeterThread: Thread finished: Thread Group 1-1
2024-09-23 19:00:56,458 INFO o.a.j.t.JMeterThread: Thread started: Thread Group 1-11
2024-09-23 19:00:56,573 INFO o.a.j.t.JMeterThread: Thread is done: Thread Group 1-2
2024-09-23 19:00:56,573 INFO o.a.j.t.JMeterThread: Thread finished: Thread Group 1-2
2024-09-23 19:00:56,658 INFO o.a.j.t.JMeterThread: Thread started: Thread Group 1-12
2024-09-23 19:00:56,729 INFO o.a.j.t.JMeterThread: Thread is done: Thread Group 1-3
2024-09-23 19:00:56,730 INFO o.a.j.t.JMeterThread: Thread finished: Thread Group 1-3
2024-09-23 19:00:56,848 INFO o.a.j.t.JMeterThread: Thread is done: Thread Group 1-4
2024-09-23 19:00:56,849 INFO o.a.j.t.JMeterThread: Thread finished: Thread Group 1-4
2024-09-23 19:00:56,857 INFO o.a.j.t.JMeterThread: Thread started: Thread Group 1-13
2024-09-23 19:00:57,054 INFO o.a.j.t.JMeterThread: Thread started: Thread Group 1-14
2024-09-23 19:00:57,150 INFO o.a.j.t.JMeterThread: Thread is done: Thread Group 1-5
2024-09-23 19:00:57,151 INFO o.a.j.t.JMeterThread: Thread finished: Thread Group 1-5
2024-09-23 19:00:57,254 INFO o.a.j.t.JMeterThread: Thread started: Thread Group 1-15
2024-09-23 19:00:57,348 INFO o.a.j.t.JMeterThread: Thread is done: Thread Group 1-6
2024-09-23 19:00:57,348 INFO o.a.j.t.JMeterThread: Thread finished: Thread Group 1-6
2024-09-23 19:00:57,454 INFO o.a.j.t.JMeterThread: Thread started: Thread Group 1-16
2024-09-23 19:00:57,535 INFO o.a.j.t.JMeterThread: Thread is done: Thread Group 1-7
2024-09-23 19:00:57,535 INFO o.a.j.t.JMeterThread: Thread finished: Thread Group 1-7
2024-09-23 19:00:57,654 INFO o.a.j.t.JMeterThread: Thread started: Thread Group 1-17
2024-09-23 19:00:57,712 INFO o.a.j.t.JMeterThread: Thread is done: Thread Group 1-8
2024-09-23 19:00:57,712 INFO o.a.j.t.JMeterThread: Thread finished: Thread Group 1-8
2024-09-23 19:00:57,857 INFO o.a.j.t.JMeterThread: Thread started: Thread Group 1-18
2024-09-23 19:00:57,977 INFO o.a.j.t.JMeterThread: Thread is done: Thread Group 1-9
2024-09-23 19:00:57,977 INFO o.a.j.t.JMeterThread: Thread finished: Thread Group 1-9
2024-09-23 19:00:58,059 INFO o.a.j.t.JMeterThread: Thread started: Thread Group 1-19
2024-09-23 19:00:58,106 INFO o.a.j.t.JMeterThread: Thread is done: Thread Group 1-10
2024-09-23 19:00:58,106 INFO o.a.j.t.JMeterThread: Thread finished: Thread Group 1-10
2024-09-23 19:00:58,259 INFO o.a.j.t.JMeterThread: Thread started: Thread Group 1-20
2024-09-23 19:00:58,389 INFO o.a.j.t.JMeterThread: Thread is done: Thread Group 1-11
2024-09-23 19:00:58,389 INFO o.a.j.t.JMeterThread: Thread finished: Thread Group 1-11
2024-09-23 19:00:58,459 INFO o.a.j.t.JMeterThread: Thread started: Thread Group 1-21
2024-09-23 19:00:58,480 INFO o.a.j.t.JMeterThread: Thread is done: Thread Group 1-12
2024-09-23 19:00:58,480 INFO o.a.j.t.JMeterThread: Thread finished: Thread Group 1-12
2024-09-23 19:00:58,657 INFO o.a.j.t.JMeterThread: Thread started: Thread Group 1-22
2024-09-23 19:00:58,779 INFO o.a.j.t.JMeterThread: Thread is done: Thread Group 1-13
2024-09-23 19:00:58,780 INFO o.a.j.t.JMeterThread: Thread finished: Thread Group 1-13
2024-09-23 19:00:58,854 INFO o.a.j.t.JMeterThread: Thread started: Thread Group 1-23
2024-09-23 19:00:59,026 INFO o.a.j.t.JMeterThread: Thread is done: Thread Group 1-14
2024-09-23 19:00:59,026 INFO o.a.j.t.JMeterThread: Thread finished: Thread Group 1-14
2024-09-23 19:00:59,055 INFO o.a.j.t.JMeterThread: Thread started: Thread Group 1-24
2024-09-23 19:00:59,206 INFO o.a.j.t.JMeterThread: Thread is done: Thread Group 1-15
2024-09-23 19:00:59,206 INFO o.a.j.t.JMeterThread: Thread finished: Thread Group 1-15
2024-09-23 19:00:59,256 INFO o.a.j.t.JMeterThread: Thread started: Thread Group 1-25
2024-09-23 19:00:59,363 INFO o.a.j.t.JMeterThread: Thread is done: Thread Group 1-16
2024-09-23 19:00:59,363 INFO o.a.j.t.JMeterThread: Thread finished: Thread Group 1-16
2024-09-23 19:00:59,458 INFO o.a.j.t.JMeterThread: Thread started: Thread Group 1-26
2024-09-23 19:00:59,577 INFO o.a.j.t.JMeterThread: Thread is done: Thread Group 1-17
2024-09-23 19:00:59,577 INFO o.a.j.t.JMeterThread: Thread finished: Thread Group 1-17
2024-09-23 19:00:59,654 INFO o.a.j.t.JMeterThread: Thread started: Thread Group 1-27
2024-09-23 19:00:59,807 INFO o.a.j.t.JMeterThread: Thread is done: Thread Group 1-18
2024-09-23 19:00:59,807 INFO o.a.j.t.JMeterThread: Thread finished: Thread Group 1-18
2024-09-23 19:00:59,854 INFO o.a.j.t.JMeterThread: Thread started: Thread Group 1-28
2024-09-23 19:00:59,962 INFO o.a.j.t.JMeterThread: Thread is done: Thread Group 1-19
2024-09-23 19:00:59,962 INFO o.a.j.t.JMeterThread: Thread finished: Thread Group 1-19
2024-09-23 19:01:00,054 INFO o.a.j.t.JMeterThread: Thread started: Thread Group 1-29
2024-09-23 19:01:00,153 INFO o.a.j.t.JMeterThread: Thread is done: Thread Group 1-20
2024-09-23 19:01:00,153 INFO o.a.j.t.JMeterThread: Thread finished: Thread Group 1-20
2024-09-23 19:01:00,254 INFO o.a.j.t.JMeterThread: Thread started: Thread Group 1-30
2024-09-23 19:01:00,385 INFO o.a.j.t.JMeterThread: Thread is done: Thread Group 1-21
2024-09-23 19:01:00,386 INFO o.a.j.t.JMeterThread: Thread finished: Thread Group 1-21
2024-09-23 19:01:00,454 INFO o.a.j.t.JMeterThread: Thread started: Thread Group 1-31
2024-09-23 19:01:00,560 INFO o.a.j.t.JMeterThread: Thread is done: Thread Group 1-22
2024-09-23 19:01:00,560 INFO o.a.j.t.JMeterThread: Thread finished: Thread Group 1-22
2024-09-23 19:01:00,658 INFO o.a.j.t.JMeterThread: Thread started: Thread Group 1-32
2024-09-23 19:01:00,712 INFO o.a.j.t.JMeterThread: Thread is done: Thread Group 1-23
2024-09-23 19:01:00,712 INFO o.a.j.t.JMeterThread: Thread finished: Thread Group 1-23
2024-09-23 19:01:00,859 INFO o.a.j.t.JMeterThread: Thread started: Thread Group 1-33
2024-09-23 19:01:00,913 INFO o.a.j.t.JMeterThread: Thread is done: Thread Group 1-24
2024-09-23 19:01:00,913 INFO o.a.j.t.JMeterThread: Thread finished: Thread Group 1-24
2024-09-23 19:01:01,059 INFO o.a.j.t.JMeterThread: Thread started: Thread Group 1-34
2024-09-23 19:01:01,137 INFO o.a.j.t.JMeterThread: Thread is done: Thread Group 1-25
2024-09-23 19:01:01,137 INFO o.a.j.t.JMeterThread: Thread finished: Thread Group 1-25
2024-09-23 19:01:01,254 INFO o.a.j.t.JMeterThread: Thread started: Thread Group 1-35
2024-09-23 19:01:01,299 INFO o.a.j.t.JMeterThread: Thread is done: Thread Group 1-26
2024-09-23 19:01:01,299 INFO o.a.j.t.JMeterThread: Thread finished: Thread Group 1-26
2024-09-23 19:01:01,458 INFO o.a.j.t.JMeterThread: Thread started: Thread Group 1-36
2024-09-23 19:01:01,489 INFO o.a.j.t.JMeterThread: Thread is done: Thread Group 1-27
2024-09-23 19:01:01,489 INFO o.a.j.t.JMeterThread: Thread finished: Thread Group 1-27
2024-09-23 19:01:01,658 INFO o.a.j.t.JMeterThread: Thread started: Thread Group 1-37
2024-09-23 19:01:01,727 INFO o.a.j.t.JMeterThread: Thread is done: Thread Group 1-28
2024-09-23 19:01:01,727 INFO o.a.j.t.JMeterThread: Thread finished: Thread Group 1-28
2024-09-23 19:01:01,854 INFO o.a.j.t.JMeterThread: Thread started: Thread Group 1-38
2024-09-23 19:01:01,925 INFO o.a.j.t.JMeterThread: Thread is done: Thread Group 1-29
2024-09-23 19:01:01,925 INFO o.a.j.t.JMeterThread: Thread finished: Thread Group 1-29
2024-09-23 19:01:02,058 INFO o.a.j.t.JMeterThread: Thread started: Thread Group 1-39
2024-09-23 19:01:02,139 INFO o.a.j.t.JMeterThread: Thread is done: Thread Group 1-30
2024-09-23 19:01:02,139 INFO o.a.j.t.JMeterThread: Thread finished: Thread Group 1-30
2024-09-23 19:01:02,258 INFO o.a.j.t.JMeterThread: Thread started: Thread Group 1-40
2024-09-23 19:01:02,339 INFO o.a.j.t.JMeterThread: Thread is done: Thread Group 1-31
2024-09-23 19:01:02,339 INFO o.a.j.t.JMeterThread: Thread finished: Thread Group 1-31
2024-09-23 19:01:02,459 INFO o.a.j.t.JMeterThread: Thread started: Thread Group 1-41
2024-09-23 19:01:02,596 INFO o.a.j.t.JMeterThread: Thread is done: Thread Group 1-32
2024-09-23 19:01:02,596 INFO o.a.j.t.JMeterThread: Thread finished: Thread Group 1-32
2024-09-23 19:01:02,654 INFO o.a.j.t.JMeterThread: Thread started: Thread Group 1-42
2024-09-23 19:01:02,773 INFO o.a.j.t.JMeterThread: Thread is done: Thread Group 1-33
2024-09-23 19:01:02,774 INFO o.a.j.t.JMeterThread: Thread finished: Thread Group 1-33
2024-09-23 19:01:02,858 INFO o.a.j.t.JMeterThread: Thread started: Thread Group 1-43
2024-09-23 19:01:02,878 INFO o.a.j.t.JMeterThread: Thread is done: Thread Group 1-34
2024-09-23 19:01:02,878 INFO o.a.j.t.JMeterThread: Thread finished: Thread Group 1-34
2024-09-23 19:01:03,059 INFO o.a.j.t.JMeterThread: Thread started: Thread Group 1-44
2024-09-23 19:01:03,179 INFO o.a.j.t.JMeterThread: Thread is done: Thread Group 1-35
2024-09-23 19:01:03,179 INFO o.a.j.t.JMeterThread: Thread finished: Thread Group 1-35
2024-09-23 19:01:03,259 INFO o.a.j.t.JMeterThread: Thread started: Thread Group 1-45
2024-09-23 19:01:03,339 INFO o.a.j.t.JMeterThread: Thread is done: Thread Group 1-36
2024-09-23 19:01:03,339 INFO o.a.j.t.JMeterThread: Thread finished: Thread Group 1-36
2024-09-23 19:01:03,458 INFO o.a.j.t.JMeterThread: Thread started: Thread Group 1-46
2024-09-23 19:01:03,573 INFO o.a.j.t.JMeterThread: Thread is done: Thread Group 1-37
2024-09-23 19:01:03,573 INFO o.a.j.t.JMeterThread: Thread finished: Thread Group 1-37
2024-09-23 19:01:03,660 INFO o.a.j.t.JMeterThread: Thread started: Thread Group 1-47
2024-09-23 19:01:03,741 INFO o.a.j.t.JMeterThread: Thread is done: Thread Group 1-38
2024-09-23 19:01:03,742 INFO o.a.j.t.JMeterThread: Thread finished: Thread Group 1-38
2024-09-23 19:01:03,860 INFO o.a.j.t.JMeterThread: Thread started: Thread Group 1-48
2024-09-23 19:01:04,014 INFO o.a.j.t.JMeterThread: Thread is done: Thread Group 1-39
2024-09-23 19:01:04,014 INFO o.a.j.t.JMeterThread: Thread finished: Thread Group 1-39
2024-09-23 19:01:04,059 INFO o.a.j.t.JMeterThread: Thread started: Thread Group 1-49
2024-09-23 19:01:04,129 INFO o.a.j.t.JMeterThread: Thread is done: Thread Group 1-40
2024-09-23 19:01:04,129 INFO o.a.j.t.JMeterThread: Thread finished: Thread Group 1-40
2024-09-23 19:01:04,259 INFO o.a.j.t.JMeterThread: Thread started: Thread Group 1-50
2024-09-23 19:01:04,371 INFO o.a.j.t.JMeterThread: Thread is done: Thread Group 1-41
2024-09-23 19:01:04,371 INFO o.a.j.t.JMeterThread: Thread finished: Thread Group 1-41
2024-09-23 19:01:04,481 INFO o.a.j.t.JMeterThread: Thread is done: Thread Group 1-42
2024-09-23 19:01:04,481 INFO o.a.j.t.JMeterThread: Thread finished: Thread Group 1-42
2024-09-23 19:01:04,739 INFO o.a.j.t.JMeterThread: Thread is done: Thread Group 1-43
2024-09-23 19:01:04,739 INFO o.a.j.t.JMeterThread: Thread finished: Thread Group 1-43
2024-09-23 19:01:04,914 INFO o.a.j.t.JMeterThread: Thread is done: Thread Group 1-44
2024-09-23 19:01:04,914 INFO o.a.j.t.JMeterThread: Thread finished: Thread Group 1-44
2024-09-23 19:01:05,121 INFO o.a.j.t.JMeterThread: Thread is done: Thread Group 1-45
2024-09-23 19:01:05,121 INFO o.a.j.t.JMeterThread: Thread finished: Thread Group 1-45
2024-09-23 19:01:05,274 INFO o.a.j.t.JMeterThread: Thread is done: Thread Group 1-46
2024-09-23 19:01:05,275 INFO o.a.j.t.JMeterThread: Thread finished: Thread Group 1-46
2024-09-23 19:01:05,450 INFO o.a.j.t.JMeterThread: Thread is done: Thread Group 1-47
2024-09-23 19:01:05,450 INFO o.a.j.t.JMeterThread: Thread finished: Thread Group 1-47
2024-09-23 19:01:05,676 INFO o.a.j.t.JMeterThread: Thread is done: Thread Group 1-48
2024-09-23 19:01:05,676 INFO o.a.j.t.JMeterThread: Thread finished: Thread Group 1-48
2024-09-23 19:01:05,798 INFO o.a.j.t.JMeterThread: Thread is done: Thread Group 1-49
2024-09-23 19:01:05,798 INFO o.a.j.t.JMeterThread: Thread finished: Thread Group 1-49
2024-09-23 19:01:06,060 INFO o.a.j.t.JMeterThread: Thread is done: Thread Group 1-50
2024-09-23 19:01:06,060 INFO o.a.j.t.JMeterThread: Thread finished: Thread Group 1-50
2024-09-23 19:01:06,060 INFO o.a.j.e.StandardJMeterEngine: Notifying test listeners of end of test
2024-09-23 19:01:06,061 INFO o.a.j.g.u.JMeterMenuBar: setRunning(false, *local*)
2024-09-23 19:01:25,142 INFO o.a.j.e.StandardJMeterEngine: Running the test!
2024-09-23 19:01:25,143 INFO o.a.j.s.SampleEvent: List of sample_variables: []
2024-09-23 19:01:25,143 INFO o.a.j.g.u.JMeterMenuBar: setRunning(true, *local*)
2024-09-23 19:01:25,184 INFO o.a.j.e.StandardJMeterEngine: Starting ThreadGroup: 1 : Thread Group
2024-09-23 19:01:25,184 INFO o.a.j.e.StandardJMeterEngine: Starting 50 threads for group Thread Group.
2024-09-23 19:01:25,184 INFO o.a.j.e.StandardJMeterEngine: Thread will continue on error
2024-09-23 19:01:25,184 INFO o.a.j.t.ThreadGroup: Starting thread group... number=1 threads=50 ramp-up=10 delayedStart=false
2024-09-23 19:01:25,184 INFO o.a.j.t.JMeterThread: Thread started: Thread Group 1-1
2024-09-23 19:01:25,189 INFO o.a.j.t.ThreadGroup: Started thread group number 1
2024-09-23 19:01:25,189 INFO o.a.j.e.StandardJMeterEngine: All thread groups have been started
2024-09-23 19:01:25,387 INFO o.a.j.t.JMeterThread: Thread started: Thread Group 1-2
2024-09-23 19:01:25,589 INFO o.a.j.t.JMeterThread: Thread started: Thread Group 1-3
2024-09-23 19:01:25,789 INFO o.a.j.t.JMeterThread: Thread started: Thread Group 1-4
2024-09-23 19:01:25,985 INFO o.a.j.t.JMeterThread: Thread started: Thread Group 1-5
2024-09-23 19:01:26,188 INFO o.a.j.t.JMeterThread: Thread started: Thread Group 1-6
2024-09-23 19:01:26,384 INFO o.a.j.t.JMeterThread: Thread started: Thread Group 1-7
2024-09-23 19:01:26,589 INFO o.a.j.t.JMeterThread: Thread started: Thread Group 1-8
2024-09-23 19:01:26,789 INFO o.a.j.t.JMeterThread: Thread started: Thread Group 1-9
2024-09-23 19:01:26,855 INFO o.a.j.t.JMeterThread: Thread is done: Thread Group 1-1
2024-09-23 19:01:26,856 INFO o.a.j.t.JMeterThread: Thread finished: Thread Group 1-1
2024-09-23 19:01:26,984 INFO o.a.j.t.JMeterThread: Thread started: Thread Group 1-10
2024-09-23 19:01:27,058 INFO o.a.j.t.JMeterThread: Thread is done: Thread Group 1-2
2024-09-23 19:01:27,059 INFO o.a.j.t.JMeterThread: Thread finished: Thread Group 1-2
2024-09-23 19:01:27,190 INFO o.a.j.t.JMeterThread: Thread started: Thread Group 1-11
2024-09-23 19:01:27,361 INFO o.a.j.t.JMeterThread: Thread is done: Thread Group 1-3
2024-09-23 19:01:27,361 INFO o.a.j.t.JMeterThread: Thread finished: Thread Group 1-3
2024-09-23 19:01:27,388 INFO o.a.j.t.JMeterThread: Thread started: Thread Group 1-12
2024-09-23 19:01:27,519 INFO o.a.j.t.JMeterThread: Thread is done: Thread Group 1-4
2024-09-23 19:01:27,519 INFO o.a.j.t.JMeterThread: Thread finished: Thread Group 1-4
2024-09-23 19:01:27,586 INFO o.a.j.t.JMeterThread: Thread started: Thread Group 1-13
2024-09-23 19:01:27,716 INFO o.a.j.t.JMeterThread: Thread is done: Thread Group 1-5
2024-09-23 19:01:27,717 INFO o.a.j.t.JMeterThread: Thread finished: Thread Group 1-5
2024-09-23 19:01:27,790 INFO o.a.j.t.JMeterThread: Thread started: Thread Group 1-14
2024-09-23 19:01:27,950 INFO o.a.j.t.JMeterThread: Thread is done: Thread Group 1-6
2024-09-23 19:01:27,950 INFO o.a.j.t.JMeterThread: Thread finished: Thread Group 1-6
2024-09-23 19:01:27,987 INFO o.a.j.t.JMeterThread: Thread started: Thread Group 1-15
2024-09-23 19:01:28,122 INFO o.a.j.t.JMeterThread: Thread is done: Thread Group 1-7
2024-09-23 19:01:28,122 INFO o.a.j.t.JMeterThread: Thread finished: Thread Group 1-7
2024-09-23 19:01:28,187 INFO o.a.j.t.JMeterThread: Thread started: Thread Group 1-16
2024-09-23 19:01:28,286 INFO o.a.j.t.JMeterThread: Thread is done: Thread Group 1-8
2024-09-23 19:01:28,286 INFO o.a.j.t.JMeterThread: Thread finished: Thread Group 1-8
2024-09-23 19:01:28,389 INFO o.a.j.t.JMeterThread: Thread started: Thread Group 1-17
2024-09-23 19:01:28,471 INFO o.a.j.t.JMeterThread: Thread is done: Thread Group 1-9
2024-09-23 19:01:28,471 INFO o.a.j.t.JMeterThread: Thread finished: Thread Group 1-9
2024-09-23 19:01:28,589 INFO o.a.j.t.JMeterThread: Thread started: Thread Group 1-18
2024-09-23 19:01:28,646 INFO o.a.j.t.JMeterThread: Thread is done: Thread Group 1-10
2024-09-23 19:01:28,646 INFO o.a.j.t.JMeterThread: Thread finished: Thread Group 1-10
2024-09-23 19:01:28,790 INFO o.a.j.t.JMeterThread: Thread started: Thread Group 1-19
2024-09-23 19:01:28,805 INFO o.a.j.t.JMeterThread: Thread is done: Thread Group 1-11
2024-09-23 19:01:28,805 INFO o.a.j.t.JMeterThread: Thread finished: Thread Group 1-11
2024-09-23 19:01:28,989 INFO o.a.j.t.JMeterThread: Thread started: Thread Group 1-20
2024-09-23 19:01:29,053 INFO o.a.j.t.JMeterThread: Thread is done: Thread Group 1-12
2024-09-23 19:01:29,053 INFO o.a.j.t.JMeterThread: Thread finished: Thread Group 1-12
2024-09-23 19:01:29,187 INFO o.a.j.t.JMeterThread: Thread started: Thread Group 1-21
2024-09-23 19:01:29,319 INFO o.a.j.t.JMeterThread: Thread is done: Thread Group 1-13
2024-09-23 19:01:29,319 INFO o.a.j.t.JMeterThread: Thread finished: Thread Group 1-13
2024-09-23 19:01:29,387 INFO o.a.j.t.JMeterThread: Thread started: Thread Group 1-22
2024-09-23 19:01:29,434 INFO o.a.j.t.JMeterThread: Thread is done: Thread Group 1-14
2024-09-23 19:01:29,434 INFO o.a.j.t.JMeterThread: Thread finished: Thread Group 1-14
2024-09-23 19:01:29,584 INFO o.a.j.t.JMeterThread: Thread started: Thread Group 1-23
2024-09-23 19:01:29,678 INFO o.a.j.t.JMeterThread: Thread is done: Thread Group 1-15
2024-09-23 19:01:29,678 INFO o.a.j.t.JMeterThread: Thread finished: Thread Group 1-15
2024-09-23 19:01:29,787 INFO o.a.j.t.JMeterThread: Thread started: Thread Group 1-24
2024-09-23 19:01:29,932 INFO o.a.j.t.JMeterThread: Thread is done: Thread Group 1-16
2024-09-23 19:01:29,932 INFO o.a.j.t.JMeterThread: Thread finished: Thread Group 1-16
2024-09-23 19:01:29,989 INFO o.a.j.t.JMeterThread: Thread started: Thread Group 1-25
2024-09-23 19:01:30,189 INFO o.a.j.t.JMeterThread: Thread started: Thread Group 1-26
2024-09-23 19:01:30,208 INFO o.a.j.t.JMeterThread: Thread is done: Thread Group 1-17
2024-09-23 19:01:30,208 INFO o.a.j.t.JMeterThread: Thread finished: Thread Group 1-17
2024-09-23 19:01:30,387 INFO o.a.j.t.JMeterThread: Thread started: Thread Group 1-27
2024-09-23 19:01:30,433 INFO o.a.j.t.JMeterThread: Thread is done: Thread Group 1-18
2024-09-23 19:01:30,433 INFO o.a.j.t.JMeterThread: Thread finished: Thread Group 1-18
2024-09-23 19:01:30,589 INFO o.a.j.t.JMeterThread: Thread started: Thread Group 1-28
2024-09-23 19:01:30,652 INFO o.a.j.t.JMeterThread: Thread is done: Thread Group 1-19
2024-09-23 19:01:30,652 INFO o.a.j.t.JMeterThread: Thread finished: Thread Group 1-19
2024-09-23 19:01:30,789 INFO o.a.j.t.JMeterThread: Thread started: Thread Group 1-29
2024-09-23 19:01:30,900 INFO o.a.j.t.JMeterThread: Thread is done: Thread Group 1-20
2024-09-23 19:01:30,900 INFO o.a.j.t.JMeterThread: Thread finished: Thread Group 1-20
2024-09-23 19:01:30,984 INFO o.a.j.t.JMeterThread: Thread started: Thread Group 1-30
2024-09-23 19:01:31,150 INFO o.a.j.t.JMeterThread: Thread is done: Thread Group 1-21
2024-09-23 19:01:31,150 INFO o.a.j.t.JMeterThread: Thread finished: Thread Group 1-21
2024-09-23 19:01:31,189 INFO o.a.j.t.JMeterThread: Thread started: Thread Group 1-31
2024-09-23 19:01:31,360 INFO o.a.j.t.JMeterThread: Thread is done: Thread Group 1-22
2024-09-23 19:01:31,360 INFO o.a.j.t.JMeterThread: Thread finished: Thread Group 1-22
2024-09-23 19:01:31,389 INFO o.a.j.t.JMeterThread: Thread started: Thread Group 1-32
2024-09-23 19:01:31,535 INFO o.a.j.t.JMeterThread: Thread is done: Thread Group 1-23
2024-09-23 19:01:31,535 INFO o.a.j.t.JMeterThread: Thread finished: Thread Group 1-23
2024-09-23 19:01:31,589 INFO o.a.j.t.JMeterThread: Thread started: Thread Group 1-33
2024-09-23 19:01:31,772 INFO o.a.j.t.JMeterThread: Thread is done: Thread Group 1-24
2024-09-23 19:01:31,772 INFO o.a.j.t.JMeterThread: Thread finished: Thread Group 1-24
2024-09-23 19:01:31,789 INFO o.a.j.t.JMeterThread: Thread started: Thread Group 1-34
2024-09-23 19:01:31,942 INFO o.a.j.t.JMeterThread: Thread is done: Thread Group 1-25
2024-09-23 19:01:31,942 INFO o.a.j.t.JMeterThread: Thread finished: Thread Group 1-25
2024-09-23 19:01:31,987 INFO o.a.j.t.JMeterThread: Thread started: Thread Group 1-35
2024-09-23 19:01:32,106 INFO o.a.j.t.JMeterThread: Thread is done: Thread Group 1-26
2024-09-23 19:01:32,106 INFO o.a.j.t.JMeterThread: Thread finished: Thread Group 1-26
2024-09-23 19:01:32,187 INFO o.a.j.t.JMeterThread: Thread started: Thread Group 1-36
2024-09-23 19:01:32,383 INFO o.a.j.t.JMeterThread: Thread is done: Thread Group 1-27
2024-09-23 19:01:32,383 INFO o.a.j.t.JMeterThread: Thread finished: Thread Group 1-27
2024-09-23 19:01:32,387 INFO o.a.j.t.JMeterThread: Thread started: Thread Group 1-37
2024-09-23 19:01:32,523 INFO o.a.j.t.JMeterThread: Thread is done: Thread Group 1-28
2024-09-23 19:01:32,523 INFO o.a.j.t.JMeterThread: Thread finished: Thread Group 1-28
2024-09-23 19:01:32,590 INFO o.a.j.t.JMeterThread: Thread started: Thread Group 1-38
2024-09-23 19:01:32,789 INFO o.a.j.t.JMeterThread: Thread started: Thread Group 1-39
2024-09-23 19:01:32,984 INFO o.a.j.t.JMeterThread: Thread started: Thread Group 1-40
2024-09-23 19:01:33,189 INFO o.a.j.t.JMeterThread: Thread started: Thread Group 1-41
2024-09-23 19:01:33,388 INFO o.a.j.t.JMeterThread: Thread started: Thread Group 1-42
2024-09-23 19:01:33,589 INFO o.a.j.t.JMeterThread: Thread started: Thread Group 1-43
2024-09-23 19:01:33,787 INFO o.a.j.t.JMeterThread: Thread started: Thread Group 1-44
2024-09-23 19:01:33,985 INFO o.a.j.t.JMeterThread: Thread started: Thread Group 1-45
2024-09-23 19:01:34,189 INFO o.a.j.t.JMeterThread: Thread started: Thread Group 1-46
2024-09-23 19:01:34,389 INFO o.a.j.t.JMeterThread: Thread started: Thread Group 1-47
2024-09-23 19:01:34,585 INFO o.a.j.t.JMeterThread: Thread started: Thread Group 1-48
2024-09-23 19:01:34,789 INFO o.a.j.t.JMeterThread: Thread started: Thread Group 1-49
2024-09-23 19:01:34,987 INFO o.a.j.t.JMeterThread: Thread started: Thread Group 1-50
2024-09-23 19:01:35,397 INFO o.a.j.t.JMeterThread: Thread is done: Thread Group 1-29
2024-09-23 19:01:35,398 INFO o.a.j.t.JMeterThread: Thread finished: Thread Group 1-29
2024-09-23 19:01:35,563 INFO o.a.j.t.JMeterThread: Thread is done: Thread Group 1-30
2024-09-23 19:01:35,564 INFO o.a.j.t.JMeterThread: Thread finished: Thread Group 1-30
2024-09-23 19:01:35,715 INFO o.a.j.t.JMeterThread: Thread is done: Thread Group 1-31
2024-09-23 19:01:35,715 INFO o.a.j.t.JMeterThread: Thread finished: Thread Group 1-31
2024-09-23 19:01:35,976 INFO o.a.j.t.JMeterThread: Thread is done: Thread Group 1-32
2024-09-23 19:01:35,976 INFO o.a.j.t.JMeterThread: Thread finished: Thread Group 1-32
2024-09-23 19:01:36,285 INFO o.a.j.t.JMeterThread: Thread is done: Thread Group 1-33
2024-09-23 19:01:36,286 INFO o.a.j.t.JMeterThread: Thread finished: Thread Group 1-33
2024-09-23 19:01:36,355 INFO o.a.j.t.JMeterThread: Thread is done: Thread Group 1-34
2024-09-23 19:01:36,355 INFO o.a.j.t.JMeterThread: Thread finished: Thread Group 1-34
2024-09-23 19:01:36,919 INFO o.a.j.t.JMeterThread: Thread is done: Thread Group 1-36
2024-09-23 19:01:36,919 INFO o.a.j.t.JMeterThread: Thread finished: Thread Group 1-36
2024-09-23 19:01:37,043 INFO o.a.j.t.JMeterThread: Thread is done: Thread Group 1-35
2024-09-23 19:01:37,043 INFO o.a.j.t.JMeterThread: Thread finished: Thread Group 1-35
2024-09-23 19:01:37,247 INFO o.a.j.t.JMeterThread: Thread is done: Thread Group 1-38
2024-09-23 19:01:37,247 INFO o.a.j.t.JMeterThread: Thread finished: Thread Group 1-38
2024-09-23 19:01:37,278 INFO o.a.j.t.JMeterThread: Thread is done: Thread Group 1-41
2024-09-23 19:01:37,278 INFO o.a.j.t.JMeterThread: Thread finished: Thread Group 1-41
2024-09-23 19:01:37,305 INFO o.a.j.t.JMeterThread: Thread is done: Thread Group 1-37
2024-09-23 19:01:37,305 INFO o.a.j.t.JMeterThread: Thread finished: Thread Group 1-37
2024-09-23 19:01:37,338 INFO o.a.j.t.JMeterThread: Thread is done: Thread Group 1-45
2024-09-23 19:01:37,338 INFO o.a.j.t.JMeterThread: Thread finished: Thread Group 1-45
2024-09-23 19:01:37,442 INFO o.a.j.t.JMeterThread: Thread is done: Thread Group 1-43
2024-09-23 19:01:37,442 INFO o.a.j.t.JMeterThread: Thread finished: Thread Group 1-43
2024-09-23 19:01:37,493 INFO o.a.j.t.JMeterThread: Thread is done: Thread Group 1-42
2024-09-23 19:01:37,493 INFO o.a.j.t.JMeterThread: Thread is done: Thread Group 1-44
2024-09-23 19:01:37,493 INFO o.a.j.t.JMeterThread: Thread finished: Thread Group 1-42
2024-09-23 19:01:37,493 INFO o.a.j.t.JMeterThread: Thread finished: Thread Group 1-44
2024-09-23 19:01:37,527 INFO o.a.j.t.JMeterThread: Thread is done: Thread Group 1-40
2024-09-23 19:01:37,527 INFO o.a.j.t.JMeterThread: Thread finished: Thread Group 1-40
2024-09-23 19:01:37,565 INFO o.a.j.t.JMeterThread: Thread is done: Thread Group 1-47
2024-09-23 19:01:37,565 INFO o.a.j.t.JMeterThread: Thread finished: Thread Group 1-47
2024-09-23 19:01:37,566 INFO o.a.j.t.JMeterThread: Thread is done: Thread Group 1-50
2024-09-23 19:01:37,566 INFO o.a.j.t.JMeterThread: Thread finished: Thread Group 1-50
2024-09-23 19:01:37,766 INFO o.a.j.t.JMeterThread: Thread is done: Thread Group 1-46
2024-09-23 19:01:37,766 INFO o.a.j.t.JMeterThread: Thread finished: Thread Group 1-46
2024-09-23 19:01:38,167 INFO o.a.j.t.JMeterThread: Thread is done: Thread Group 1-48
2024-09-23 19:01:38,167 INFO o.a.j.t.JMeterThread: Thread finished: Thread Group 1-48
2024-09-23 19:01:38,688 INFO o.a.j.t.JMeterThread: Thread is done: Thread Group 1-39
2024-09-23 19:01:38,689 INFO o.a.j.t.JMeterThread: Thread finished: Thread Group 1-39
2024-09-23 19:01:38,706 INFO o.a.j.t.JMeterThread: Thread is done: Thread Group 1-49
2024-09-23 19:01:38,706 INFO o.a.j.t.JMeterThread: Thread finished: Thread Group 1-49
2024-09-23 19:01:38,707 INFO o.a.j.e.StandardJMeterEngine: Notifying test listeners of end of test
2024-09-23 19:01:38,707 INFO o.a.j.g.u.JMeterMenuBar: setRunning(false, *local*)
2024-09-23 19:03:38,249 INFO o.a.j.p.h.c.CookieManager: Settings: Delete null: true Check: true Allow variable: true Save: false Prefix: COOKIE_
2024-09-23 19:03:52,813 INFO o.a.j.e.StandardJMeterEngine: Running the test!
2024-09-23 19:03:52,814 INFO o.a.j.s.SampleEvent: List of sample_variables: []
2024-09-23 19:03:52,816 INFO o.a.j.g.u.JMeterMenuBar: setRunning(true, *local*)
2024-09-23 19:03:52,858 INFO o.a.j.e.StandardJMeterEngine: Starting ThreadGroup: 1 : Thread Group
2024-09-23 19:03:52,858 INFO o.a.j.e.StandardJMeterEngine: Starting 50 threads for group Thread Group.
2024-09-23 19:03:52,858 INFO o.a.j.e.StandardJMeterEngine: Thread will continue on error
2024-09-23 19:03:52,858 INFO o.a.j.t.ThreadGroup: Starting thread group... number=1 threads=50 ramp-up=10 delayedStart=false
2024-09-23 19:03:52,859 INFO o.a.j.t.JMeterThread: Thread started: Thread Group 1-1
2024-09-23 19:03:52,867 INFO o.a.j.t.ThreadGroup: Started thread group number 1
2024-09-23 19:03:52,867 INFO o.a.j.e.StandardJMeterEngine: All thread groups have been started
2024-09-23 19:03:53,063 INFO o.a.j.t.JMeterThread: Thread started: Thread Group 1-2
2024-09-23 19:03:53,263 INFO o.a.j.t.JMeterThread: Thread started: Thread Group 1-3
2024-09-23 19:03:53,464 INFO o.a.j.t.JMeterThread: Thread started: Thread Group 1-4
2024-09-23 19:03:53,660 INFO o.a.j.t.JMeterThread: Thread started: Thread Group 1-5
2024-09-23 19:03:53,860 INFO o.a.j.t.JMeterThread: Thread started: Thread Group 1-6
2024-09-23 19:03:54,063 INFO o.a.j.t.JMeterThread: Thread started: Thread Group 1-7
2024-09-23 19:03:54,264 INFO o.a.j.t.JMeterThread: Thread started: Thread Group 1-8
2024-09-23 19:03:54,438 INFO o.a.j.t.JMeterThread: Thread is done: Thread Group 1-1
2024-09-23 19:03:54,438 INFO o.a.j.t.JMeterThread: Thread finished: Thread Group 1-1
2024-09-23 19:03:54,460 INFO o.a.j.t.JMeterThread: Thread started: Thread Group 1-9
2024-09-23 19:03:54,656 INFO o.a.j.t.JMeterThread: Thread is done: Thread Group 1-2
2024-09-23 19:03:54,656 INFO o.a.j.t.JMeterThread: Thread finished: Thread Group 1-2
2024-09-23 19:03:54,660 INFO o.a.j.t.JMeterThread: Thread started: Thread Group 1-10
2024-09-23 19:03:54,852 INFO o.a.j.t.JMeterThread: Thread is done: Thread Group 1-3
2024-09-23 19:03:54,852 INFO o.a.j.t.JMeterThread: Thread finished: Thread Group 1-3
2024-09-23 19:03:54,860 INFO o.a.j.t.JMeterThread: Thread started: Thread Group 1-11
2024-09-23 19:03:55,036 INFO o.a.j.t.JMeterThread: Thread is done: Thread Group 1-4
2024-09-23 19:03:55,036 INFO o.a.j.t.JMeterThread: Thread finished: Thread Group 1-4
2024-09-23 19:03:55,062 INFO o.a.j.t.JMeterThread: Thread started: Thread Group 1-12
2024-09-23 19:03:55,263 INFO o.a.j.t.JMeterThread: Thread started: Thread Group 1-13
2024-09-23 19:03:55,315 INFO o.a.j.t.JMeterThread: Thread is done: Thread Group 1-5
2024-09-23 19:03:55,315 INFO o.a.j.t.JMeterThread: Thread finished: Thread Group 1-5
2024-09-23 19:03:55,464 INFO o.a.j.t.JMeterThread: Thread started: Thread Group 1-14
2024-09-23 19:03:55,551 INFO o.a.j.t.JMeterThread: Thread is done: Thread Group 1-6
2024-09-23 19:03:55,551 INFO o.a.j.t.JMeterThread: Thread finished: Thread Group 1-6
2024-09-23 19:03:55,661 INFO o.a.j.t.JMeterThread: Thread started: Thread Group 1-15
2024-09-23 19:03:55,765 INFO o.a.j.t.JMeterThread: Thread is done: Thread Group 1-7
2024-09-23 19:03:55,765 INFO o.a.j.t.JMeterThread: Thread finished: Thread Group 1-7
2024-09-23 19:03:55,860 INFO o.a.j.t.JMeterThread: Thread started: Thread Group 1-16
2024-09-23 19:03:56,007 INFO o.a.j.t.JMeterThread: Thread is done: Thread Group 1-8
2024-09-23 19:03:56,007 INFO o.a.j.t.JMeterThread: Thread finished: Thread Group 1-8
2024-09-23 19:03:56,061 INFO o.a.j.t.JMeterThread: Thread started: Thread Group 1-17
2024-09-23 19:03:56,179 INFO o.a.j.t.JMeterThread: Thread is done: Thread Group 1-9
2024-09-23 19:03:56,179 INFO o.a.j.t.JMeterThread: Thread finished: Thread Group 1-9
2024-09-23 19:03:56,263 INFO o.a.j.t.JMeterThread: Thread started: Thread Group 1-18
2024-09-23 19:03:56,263 INFO o.a.j.g.a.Start: Stopping test
2024-09-23 19:03:56,292 INFO o.a.j.t.JMeterThread: Stopping: Thread Group 1-13
2024-09-23 19:03:56,292 WARN o.a.j.t.JMeterThread: Interrupting: Thread Group 1-13 sampler: HTTP Request
2024-09-23 19:03:56,304 INFO o.a.j.t.JMeterThread: Stopping: Thread Group 1-26
2024-09-23 19:03:56,304 INFO o.a.j.t.JMeterThread: Stopping: Thread Group 1-22
2024-09-23 19:03:56,304 INFO o.a.j.t.JMeterThread: Stopping: Thread Group 1-12
2024-09-23 19:03:56,304 WARN o.a.j.t.JMeterThread: Interrupting: Thread Group 1-12 sampler: HTTP Request
2024-09-23 19:03:56,304 INFO o.a.j.t.JMeterThread: Stopping: Thread Group 1-11
2024-09-23 19:03:56,304 WARN o.a.j.t.JMeterThread: Interrupting: Thread Group 1-11 sampler: HTTP Request
2024-09-23 19:03:56,304 INFO o.a.j.t.JMeterThread: Stopping: Thread Group 1-43
2024-09-23 19:03:56,304 INFO o.a.j.t.JMeterThread: Stopping: Thread Group 1-34
2024-09-23 19:03:56,304 INFO o.a.j.t.JMeterThread: Stopping: Thread Group 1-36
2024-09-23 19:03:56,304 INFO o.a.j.t.JMeterThread: Stopping: Thread Group 1-41
2024-09-23 19:03:56,304 INFO o.a.j.t.JMeterThread: Stopping: Thread Group 1-16
2024-09-23 19:03:56,304 WARN o.a.j.t.JMeterThread: Interrupting: Thread Group 1-16 sampler: HTTP Request
2024-09-23 19:03:56,304 INFO o.a.j.t.JMeterThread: Thread started: Thread Group 1-26
2024-09-23 19:03:56,305 INFO o.a.j.t.JMeterThread: Thread finished: Thread Group 1-26
2024-09-23 19:03:56,305 INFO o.a.j.t.JMeterThread: Thread started: Thread Group 1-22
2024-09-23 19:03:56,305 INFO o.a.j.t.JMeterThread: Stopping: Thread Group 1-28
2024-09-23 19:03:56,305 INFO o.a.j.t.JMeterThread: Thread started: Thread Group 1-34
2024-09-23 19:03:56,304 INFO o.a.j.t.JMeterThread: Thread started: Thread Group 1-43
2024-09-23 19:03:56,305 INFO o.a.j.t.JMeterThread: Thread finished: Thread Group 1-22
2024-09-23 19:03:56,305 INFO o.a.j.t.JMeterThread: Thread finished: Thread Group 1-34
2024-09-23 19:03:56,305 INFO o.a.j.t.JMeterThread: Thread started: Thread Group 1-41
2024-09-23 19:03:56,305 INFO o.a.j.t.JMeterThread: Thread finished: Thread Group 1-43
2024-09-23 19:03:56,305 INFO o.a.j.t.JMeterThread: Thread finished: Thread Group 1-41
2024-09-23 19:03:56,305 INFO o.a.j.t.JMeterThread: Stopping: Thread Group 1-46
2024-09-23 19:03:56,305 INFO o.a.j.t.JMeterThread: Stopping: Thread Group 1-44
2024-09-23 19:03:56,305 INFO o.a.j.t.JMeterThread: Stopping: Thread Group 1-21
2024-09-23 19:03:56,305 INFO o.a.j.t.JMeterThread: Stopping: Thread Group 1-30
2024-09-23 19:03:56,305 INFO o.a.j.t.JMeterThread: Thread started: Thread Group 1-28
2024-09-23 19:03:56,305 INFO o.a.j.t.JMeterThread: Thread finished: Thread Group 1-28
2024-09-23 19:03:56,305 INFO o.a.j.t.JMeterThread: Thread started: Thread Group 1-36
2024-09-23 19:03:56,305 INFO o.a.j.t.JMeterThread: Thread finished: Thread Group 1-36
2024-09-23 19:03:56,305 INFO o.a.j.t.JMeterThread: Thread started: Thread Group 1-46
2024-09-23 19:03:56,305 INFO o.a.j.t.JMeterThread: Thread finished: Thread Group 1-46
2024-09-23 19:03:56,305 INFO o.a.j.t.JMeterThread: Thread started: Thread Group 1-44
2024-09-23 19:03:56,305 INFO o.a.j.t.JMeterThread: Thread finished: Thread Group 1-44
2024-09-23 19:03:56,305 INFO o.a.j.t.JMeterThread: Thread started: Thread Group 1-21
2024-09-23 19:03:56,305 INFO o.a.j.t.JMeterThread: Thread finished: Thread Group 1-21
2024-09-23 19:03:56,305 INFO o.a.j.t.JMeterThread: Stopping: Thread Group 1-23
2024-09-23 19:03:56,305 INFO o.a.j.t.JMeterThread: Stopping: Thread Group 1-39
2024-09-23 19:03:56,305 INFO o.a.j.t.JMeterThread: Stopping: Thread Group 1-38
2024-09-23 19:03:56,305 INFO o.a.j.t.JMeterThread: Stopping: Thread Group 1-20
2024-09-23 19:03:56,306 INFO o.a.j.t.JMeterThread: Stopping: Thread Group 1-48
2024-09-23 19:03:56,306 INFO o.a.j.t.JMeterThread: Stopping: Thread Group 1-17
2024-09-23 19:03:56,306 WARN o.a.j.t.JMeterThread: Interrupting: Thread Group 1-17 sampler: HTTP Request
2024-09-23 19:03:56,306 INFO o.a.j.t.JMeterThread: Stopping: Thread Group 1-47
2024-09-23 19:03:56,306 INFO o.a.j.t.JMeterThread: Stopping: Thread Group 1-33
2024-09-23 19:03:56,306 INFO o.a.j.t.JMeterThread: Stopping: Thread Group 1-50
2024-09-23 19:03:56,306 INFO o.a.j.t.JMeterThread: Thread started: Thread Group 1-38
2024-09-23 19:03:56,306 INFO o.a.j.t.JMeterThread: Thread started: Thread Group 1-39
2024-09-23 19:03:56,306 INFO o.a.j.t.JMeterThread: Thread finished: Thread Group 1-38
2024-09-23 19:03:56,306 INFO o.a.j.t.JMeterThread: Thread started: Thread Group 1-48
2024-09-23 19:03:56,306 INFO o.a.j.t.JMeterThread: Thread finished: Thread Group 1-48
2024-09-23 19:03:56,306 INFO o.a.j.t.JMeterThread: Thread finished: Thread Group 1-39
2024-09-23 19:03:56,305 INFO o.a.j.t.JMeterThread: Thread started: Thread Group 1-30
2024-09-23 19:03:56,306 INFO o.a.j.t.JMeterThread: Thread started: Thread Group 1-20
2024-09-23 19:03:56,306 INFO o.a.j.t.JMeterThread: Thread started: Thread Group 1-33
2024-09-23 19:03:56,307 INFO o.a.j.t.JMeterThread: Thread finished: Thread Group 1-30
2024-09-23 19:03:56,307 INFO o.a.j.t.JMeterThread: Thread finished: Thread Group 1-33
2024-09-23 19:03:56,306 INFO o.a.j.t.JMeterThread: Stopping: Thread Group 1-19
2024-09-23 19:03:56,307 INFO o.a.j.t.JMeterThread: Stopping: Thread Group 1-27
2024-09-23 19:03:56,307 INFO o.a.j.t.JMeterThread: Stopping: Thread Group 1-42
2024-09-23 19:03:56,307 INFO o.a.j.t.JMeterThread: Stopping: Thread Group 1-24
2024-09-23 19:03:56,307 INFO o.a.j.t.JMeterThread: Stopping: Thread Group 1-10
2024-09-23 19:03:56,307 WARN o.a.j.t.JMeterThread: Interrupting: Thread Group 1-10 sampler: HTTP Request
2024-09-23 19:03:56,306 INFO o.a.j.t.JMeterThread: Thread started: Thread Group 1-47
2024-09-23 19:03:56,307 INFO o.a.j.t.JMeterThread: Thread finished: Thread Group 1-47
2024-09-23 19:03:56,307 INFO o.a.j.t.JMeterThread: Thread started: Thread Group 1-19
2024-09-23 19:03:56,307 INFO o.a.j.t.JMeterThread: Thread finished: Thread Group 1-19
2024-09-23 19:03:56,307 INFO o.a.j.t.JMeterThread: Thread finished: Thread Group 1-20
2024-09-23 19:03:56,306 INFO o.a.j.t.JMeterThread: Thread started: Thread Group 1-50
2024-09-23 19:03:56,307 INFO o.a.j.t.JMeterThread: Thread finished: Thread Group 1-50
2024-09-23 19:03:56,307 INFO o.a.j.t.JMeterThread: Stopping: Thread Group 1-49
2024-09-23 19:03:56,307 INFO o.a.j.t.JMeterThread: Stopping: Thread Group 1-14
2024-09-23 19:03:56,307 WARN o.a.j.t.JMeterThread: Interrupting: Thread Group 1-14 sampler: HTTP Request
2024-09-23 19:03:56,306 INFO o.a.j.t.JMeterThread: Thread started: Thread Group 1-23
2024-09-23 19:03:56,307 INFO o.a.j.t.JMeterThread: Thread finished: Thread Group 1-23
2024-09-23 19:03:56,307 INFO o.a.j.t.JMeterThread: Thread started: Thread Group 1-27
2024-09-23 19:03:56,307 INFO o.a.j.t.JMeterThread: Thread finished: Thread Group 1-27
2024-09-23 19:03:56,307 INFO o.a.j.t.JMeterThread: Stopping: Thread Group 1-37
2024-09-23 19:03:56,307 INFO o.a.j.t.JMeterThread: Stopping: Thread Group 1-35
2024-09-23 19:03:56,307 INFO o.a.j.t.JMeterThread: Stopping: Thread Group 1-40
2024-09-23 19:03:56,307 INFO o.a.j.t.JMeterThread: Stopping: Thread Group 1-18
2024-09-23 19:03:56,307 WARN o.a.j.t.JMeterThread: Interrupting: Thread Group 1-18 sampler: HTTP Request
2024-09-23 19:03:56,308 INFO o.a.j.t.JMeterThread: Stopping: Thread Group 1-29
2024-09-23 19:03:56,308 INFO o.a.j.t.JMeterThread: Stopping: Thread Group 1-31
2024-09-23 19:03:56,308 INFO o.a.j.t.JMeterThread: Stopping: Thread Group 1-25
2024-09-23 19:03:56,308 INFO o.a.j.t.JMeterThread: Stopping: Thread Group 1-15
2024-09-23 19:03:56,308 WARN o.a.j.t.JMeterThread: Interrupting: Thread Group 1-15 sampler: HTTP Request
2024-09-23 19:03:56,307 INFO o.a.j.t.JMeterThread: Thread started: Thread Group 1-35
2024-09-23 19:03:56,308 INFO o.a.j.t.JMeterThread: Thread finished: Thread Group 1-35
2024-09-23 19:03:56,307 INFO o.a.j.t.JMeterThread: Thread started: Thread Group 1-49
2024-09-23 19:03:56,308 INFO o.a.j.t.JMeterThread: Thread finished: Thread Group 1-49
2024-09-23 19:03:56,307 INFO o.a.j.t.JMeterThread: Thread started: Thread Group 1-42
2024-09-23 19:03:56,307 INFO o.a.j.t.JMeterThread: Thread started: Thread Group 1-37
2024-09-23 19:03:56,308 INFO o.a.j.t.JMeterThread: Thread finished: Thread Group 1-42
2024-09-23 19:03:56,308 INFO o.a.j.t.JMeterThread: Stopping: Thread Group 1-45
2024-09-23 19:03:56,308 INFO o.a.j.t.JMeterThread: Thread finished: Thread Group 1-37
2024-09-23 19:03:56,307 INFO o.a.j.t.JMeterThread: Thread started: Thread Group 1-40
2024-09-23 19:03:56,308 INFO o.a.j.t.JMeterThread: Stopping: Thread Group 1-32
2024-09-23 19:03:56,308 INFO o.a.j.t.JMeterThread: Thread finished: Thread Group 1-40
2024-09-23 19:03:56,308 INFO o.a.j.t.JMeterThread: Thread started: Thread Group 1-29
2024-09-23 19:03:56,308 INFO o.a.j.t.JMeterThread: Thread finished: Thread Group 1-29
2024-09-23 19:03:56,308 INFO o.a.j.t.JMeterThread: Thread started: Thread Group 1-32
2024-09-23 19:03:56,308 INFO o.a.j.t.JMeterThread: Thread started: Thread Group 1-31
2024-09-23 19:03:56,308 INFO o.a.j.t.JMeterThread: Thread finished: Thread Group 1-31
2024-09-23 19:03:56,308 INFO o.a.j.t.JMeterThread: Thread started: Thread Group 1-25
2024-09-23 19:03:56,309 INFO o.a.j.t.JMeterThread: Thread finished: Thread Group 1-25
2024-09-23 19:03:56,309 INFO o.a.j.t.JMeterThread: Thread finished: Thread Group 1-32
2024-09-23 19:03:56,308 INFO o.a.j.t.JMeterThread: Thread started: Thread Group 1-45
2024-09-23 19:03:56,309 INFO o.a.j.t.JMeterThread: Thread finished: Thread Group 1-45
2024-09-23 19:03:56,309 INFO o.a.j.t.JMeterThread: Thread finished: Thread Group 1-16
2024-09-23 19:03:56,309 INFO o.a.j.t.JMeterThread: Thread finished: Thread Group 1-15
2024-09-23 19:03:56,310 INFO o.a.j.t.JMeterThread: Thread finished: Thread Group 1-13
2024-09-23 19:03:56,310 INFO o.a.j.t.JMeterThread: Thread finished: Thread Group 1-12
2024-09-23 19:03:56,309 INFO o.a.j.t.JMeterThread: Thread started: Thread Group 1-24
2024-09-23 19:03:56,310 INFO o.a.j.t.JMeterThread: Thread finished: Thread Group 1-24
2024-09-23 19:03:56,310 INFO o.a.j.t.JMeterThread: Thread finished: Thread Group 1-14
2024-09-23 19:03:56,310 INFO o.a.j.t.JMeterThread: Thread finished: Thread Group 1-18
2024-09-23 19:03:56,310 INFO o.a.j.t.JMeterThread: Thread finished: Thread Group 1-11
2024-09-23 19:03:56,310 INFO o.a.j.t.JMeterThread: Thread finished: Thread Group 1-10
2024-09-23 19:03:56,310 INFO o.a.j.t.JMeterThread: Thread finished: Thread Group 1-17
2024-09-23 19:03:56,310 INFO o.a.j.e.StandardJMeterEngine: Notifying test listeners of end of test
2024-09-23 19:03:56,310 INFO o.a.j.g.u.JMeterMenuBar: setRunning(false, *local*)
